# JRE version: Java(TM) SE Runtime Environment (11.0.5+10) (build 11.0.5+10-LTS)
# Java VM: Java HotSpot(TM) 64-Bit Server VM (11.0.5+10-LTS, mixed mode, tiered, compressed oops, g1 gc, windows-amd64)
Heap:
 garbage-first heap   total 189440K, used 32492K [0x0000000081c00000, 0x0000000100000000)
  region size 1024K, 12 young (12288K), 5 survivors (5120K)
 Metaspace       used 37812K, capacity 38648K, committed 38812K, reserved 1087488K
  class space    used 4082K, capacity 4406K, committed 4428K, reserved 1048576K
GC Heap History (10 events):
Event: 5.795 GC heap before
{Heap before GC invocations=8 (full 0):
 garbage-first heap   total 157696K, used 113159K [0x0000000081c00000, 0x0000000100000000)
  region size 1024K, 92 young (94208K), 6 survivors (6144K)
 Metaspace       used 31741K, capacity 32549K, committed 32816K, reserved 1079296K
  class space    used 3363K, capacity 3624K, committed 3712K, reserved 1048576K
}
Event: 5.803 GC heap after
{Heap after GC invocations=9 (full 0):
 garbage-first heap   total 157696K, used 26718K [0x0000000081c00000, 0x0000000100000000)
  region size 1024K, 8 young (8192K), 8 survivors (8192K)
 Metaspace       used 31741K, capacity 32549K, committed 32816K, reserved 1079296K
  class space    used 3363K, capacity 3624K, committed 3712K, reserved 1048576K
}
Event: 6.186 GC heap before
{Heap before GC invocations=9 (full 0):
 garbage-first heap   total 157696K, used 112734K [0x0000000081c00000, 0x0000000100000000)
  region size 1024K, 92 young (94208K), 8 survivors (8192K)
 Metaspace       used 31750K, capacity 32549K, committed 32816K, reserved 1079296K
  class space    used 3363K, capacity 3624K, committed 3712K, reserved 1048576K
}
Event: 6.196 GC heap after
{Heap after GC invocations=10 (full 0):
 garbage-first heap   total 157696K, used 27416K [0x0000000081c00000, 0x0000000100000000)
  region size 1024K, 7 young (7168K), 7 survivors (7168K)
 Metaspace       used 31750K, capacity 32549K, committed 32816K, reserved 1079296K
  class space    used 3363K, capacity 3624K, committed 3712K, reserved 1048576K
}
Event: 6.593 GC heap before
{Heap before GC invocations=10 (full 0):
 garbage-first heap   total 157696K, used 114456K [0x0000000081c00000, 0x0000000100000000)
  region size 1024K, 92 young (94208K), 7 survivors (7168K)
 Metaspace       used 31753K, capacity 32549K, committed 32816K, reserved 1079296K
  class space    used 3363K, capacity 3624K, committed 3712K, reserved 1048576K
}
Event: 6.604 GC heap after
{Heap after GC invocations=11 (full 0):
 garbage-first heap   total 189440K, used 28834K [0x0000000081c00000, 0x0000000100000000)
  region size 1024K, 8 young (8192K), 8 survivors (8192K)
 Metaspace       used 31753K, capacity 32549K, committed 32816K, reserved 1079296K
  class space    used 3363K, capacity 3624K, committed 3712K, reserved 1048576K
}
Event: 7.089 GC heap before
{Heap before GC invocations=11 (full 0):
 garbage-first heap   total 189440K, used 132258K [0x0000000081c00000, 0x0000000100000000)
  region size 1024K, 109 young (111616K), 8 survivors (8192K)
 Metaspace       used 31782K, capacity 32613K, committed 32816K, reserved 1079296K
  class space    used 3365K, capacity 3624K, committed 3712K, reserved 1048576K
}
Event: 7.099 GC heap after
{Heap after GC invocations=12 (full 0):
 garbage-first heap   total 189440K, used 28736K [0x0000000081c00000, 0x0000000100000000)
  region size 1024K, 8 young (8192K), 8 survivors (8192K)
 Metaspace       used 31782K, capacity 32613K, committed 32816K, reserved 1079296K
  class space    used 3365K, capacity 3624K, committed 3712K, reserved 1048576K
}
Event: 7.657 GC heap before
{Heap before GC invocations=12 (full 0):
 garbage-first heap   total 189440K, used 58432K [0x0000000081c00000, 0x0000000100000000)
  region size 1024K, 38 young (38912K), 8 survivors (8192K)
 Metaspace       used 35015K, capacity 35852K, committed 35920K, reserved 1081344K
  class space    used 3785K, capacity 4073K, committed 4096K, reserved 1048576K
}
Event: 7.666 GC heap after
{Heap after GC invocations=13 (full 0):
 garbage-first heap   total 189440K, used 26348K [0x0000000081c00000, 0x0000000100000000)
  region size 1024K, 5 young (5120K), 5 survivors (5120K)
 Metaspace       used 35015K, capacity 35852K, committed 35920K, reserved 1081344K
  class space    used 3785K, capacity 4073K, committed 4096K, reserved 1048576K
}

