# JRE version: Java(TM) SE Runtime Environment (11.0.5+10) (build 11.0.5+10-LTS)
# Java VM: Java HotSpot(TM) 64-Bit Server VM (11.0.5+10-LTS, mixed mode, tiered, compressed oops, g1 gc, windows-amd64)
Heap:
 garbage-first heap   total 189440K, used 29172K [0x0000000081c00000, 0x0000000100000000)
  region size 1024K, 7 young (7168K), 7 survivors (7168K)
 Metaspace       used 31787K, capacity 32613K, committed 32816K, reserved 1079296K
  class space    used 3365K, capacity 3624K, committed 3712K, reserved 1048576K
GC Heap History (10 events):
Event: 4.394 GC heap after
{Heap after GC invocations=7 (full 0):
 garbage-first heap   total 157696K, used 24378K [0x0000000081c00000, 0x0000000100000000)
  region size 1024K, 5 young (5120K), 5 survivors (5120K)
 Metaspace       used 31720K, capacity 32417K, committed 32560K, reserved 1079296K
  class space    used 3362K, capacity 3624K, committed 3712K, reserved 1048576K
}
Event: 4.728 GC heap before
{Heap before GC invocations=7 (full 0):
 garbage-first heap   total 157696K, used 111418K [0x0000000081c00000, 0x0000000100000000)
  region size 1024K, 90 young (92160K), 5 survivors (5120K)
 Metaspace       used 31730K, capacity 32417K, committed 32560K, reserved 1079296K
  class space    used 3362K, capacity 3624K, committed 3712K, reserved 1048576K
}
Event: 4.734 GC heap after
{Heap after GC invocations=8 (full 0):
 garbage-first heap   total 157696K, used 25753K [0x0000000081c00000, 0x0000000100000000)
  region size 1024K, 7 young (7168K), 7 survivors (7168K)
 Metaspace       used 31730K, capacity 32417K, committed 32560K, reserved 1079296K
  class space    used 3362K, capacity 3624K, committed 3712K, reserved 1048576K
}
Event: 5.094 GC heap before
{Heap before GC invocations=8 (full 0):
 garbage-first heap   total 157696K, used 112793K [0x0000000081c00000, 0x0000000100000000)
  region size 1024K, 92 young (94208K), 7 survivors (7168K)
 Metaspace       used 31731K, capacity 32481K, committed 32816K, reserved 1079296K
  class space    used 3362K, capacity 3624K, committed 3712K, reserved 1048576K
}
Event: 5.100 GC heap after
{Heap after GC invocations=9 (full 0):
 garbage-first heap   total 157696K, used 26426K [0x0000000081c00000, 0x0000000100000000)
  region size 1024K, 7 young (7168K), 7 survivors (7168K)
 Metaspace       used 31731K, capacity 32481K, committed 32816K, reserved 1079296K
  class space    used 3362K, capacity 3624K, committed 3712K, reserved 1048576K
}
Event: 5.539 GC heap before
{Heap before GC invocations=9 (full 0):
 garbage-first heap   total 157696K, used 113466K [0x0000000081c00000, 0x0000000100000000)
  region size 1024K, 92 young (94208K), 7 survivors (7168K)
 Metaspace       used 31749K, capacity 32481K, committed 32816K, reserved 1079296K
  class space    used 3363K, capacity 3624K, committed 3712K, reserved 1048576K
}
Event: 5.548 GC heap after
{Heap after GC invocations=10 (full 0):
 garbage-first heap   total 157696K, used 27733K [0x0000000081c00000, 0x0000000100000000)
  region size 1024K, 8 young (8192K), 8 survivors (8192K)
 Metaspace       used 31749K, capacity 32481K, committed 32816K, reserved 1079296K
  class space    used 3363K, capacity 3624K, committed 3712K, reserved 1048576K
}
Event: 5.878 GC heap before
{Heap before GC invocations=10 (full 0):
 garbage-first heap   total 157696K, used 113749K [0x0000000081c00000, 0x0000000100000000)
  region size 1024K, 92 young (94208K), 8 survivors (8192K)
 Metaspace       used 31764K, capacity 32549K, committed 32816K, reserved 1079296K
  class space    used 3365K, capacity 3624K, committed 3712K, reserved 1048576K
}
Event: 5.886 GC heap after
{Heap after GC invocations=11 (full 0):
 garbage-first heap   total 157696K, used 28415K [0x0000000081c00000, 0x0000000100000000)
  region size 1024K, 7 young (7168K), 7 survivors (7168K)
 Metaspace       used 31764K, capacity 32549K, committed 32816K, reserved 1079296K
  class space    used 3365K, capacity 3624K, committed 3712K, reserved 1048576K
}
Event: 6.156 GC heap before
{Heap before GC invocations=11 (full 0):
 garbage-first heap   total 157696K, used 115455K [0x0000000081c00000, 0x0000000100000000)
  region size 1024K, 92 young (94208K), 7 survivors (7168K)
 Metaspace       used 31787K, capacity 32613K, committed 32816K, reserved 1079296K
  class space    used 3365K, capacity 3624K, committed 3712K, reserved 1048576K
}

