# JRE version: Java(TM) SE Runtime Environment (11.0.5+10) (build 11.0.5+10-LTS)
# Java VM: Java HotSpot(TM) 64-Bit Server VM (11.0.5+10-LTS, mixed mode, tiered, compressed oops, g1 gc, windows-amd64)
Heap:
 garbage-first heap   total 189440K, used 41356K [0x0000000081c00000, 0x0000000100000000)
  region size 1024K, 7 young (7168K), 7 survivors (7168K)
 Metaspace       used 42236K, capacity 43138K, committed 43216K, reserved 1087488K
  class space    used 4576K, capacity 4919K, committed 4992K, reserved 1048576K
GC Heap History (10 events):
Event: 5.694 GC heap after
{Heap after GC invocations=10 (full 0):
 garbage-first heap   total 157696K, used 37147K [0x0000000081c00000, 0x0000000100000000)
  region size 1024K, 5 young (5120K), 5 survivors (5120K)
 Metaspace       used 42199K, capacity 43124K, committed 43216K, reserved 1087488K
  class space    used 4571K, capacity 4917K, committed 4992K, reserved 1048576K
}
Event: 5.963 GC heap before
{Heap before GC invocations=10 (full 0):
 garbage-first heap   total 157696K, used 108827K [0x0000000081c00000, 0x0000000100000000)
  region size 1024K, 75 young (76800K), 5 survivors (5120K)
 Metaspace       used 42201K, capacity 43124K, committed 43216K, reserved 1087488K
  class space    used 4571K, capacity 4917K, committed 4992K, reserved 1048576K
}
Event: 5.969 GC heap after
{Heap after GC invocations=11 (full 0):
 garbage-first heap   total 157696K, used 37795K [0x0000000081c00000, 0x0000000100000000)
  region size 1024K, 6 young (6144K), 6 survivors (6144K)
 Metaspace       used 42201K, capacity 43124K, committed 43216K, reserved 1087488K
  class space    used 4571K, capacity 4917K, committed 4992K, reserved 1048576K
}
Event: 6.243 GC heap before
{Heap before GC invocations=11 (full 0):
 garbage-first heap   total 157696K, used 111523K [0x0000000081c00000, 0x0000000100000000)
  region size 1024K, 78 young (79872K), 6 survivors (6144K)
 Metaspace       used 42220K, capacity 43138K, committed 43216K, reserved 1087488K
  class space    used 4574K, capacity 4919K, committed 4992K, reserved 1048576K
}
Event: 6.250 GC heap after
{Heap after GC invocations=12 (full 0):
 garbage-first heap   total 157696K, used 38770K [0x0000000081c00000, 0x0000000100000000)
  region size 1024K, 6 young (6144K), 6 survivors (6144K)
 Metaspace       used 42220K, capacity 43138K, committed 43216K, reserved 1087488K
  class space    used 4574K, capacity 4919K, committed 4992K, reserved 1048576K
}
Event: 6.494 GC heap before
{Heap before GC invocations=12 (full 0):
 garbage-first heap   total 157696K, used 114546K [0x0000000081c00000, 0x0000000100000000)
  region size 1024K, 80 young (81920K), 6 survivors (6144K)
 Metaspace       used 42233K, capacity 43138K, committed 43216K, reserved 1087488K
  class space    used 4576K, capacity 4919K, committed 4992K, reserved 1048576K
}
Event: 6.501 GC heap after
{Heap after GC invocations=13 (full 0):
 garbage-first heap   total 157696K, used 39091K [0x0000000081c00000, 0x0000000100000000)
  region size 1024K, 5 young (5120K), 5 survivors (5120K)
 Metaspace       used 42233K, capacity 43138K, committed 43216K, reserved 1087488K
  class space    used 4576K, capacity 4919K, committed 4992K, reserved 1048576K
}
Event: 6.758 GC heap before
{Heap before GC invocations=13 (full 0):
 garbage-first heap   total 157696K, used 115891K [0x0000000081c00000, 0x0000000100000000)
  region size 1024K, 80 young (81920K), 5 survivors (5120K)
 Metaspace       used 42234K, capacity 43138K, committed 43216K, reserved 1087488K
  class space    used 4576K, capacity 4919K, committed 4992K, reserved 1048576K
}
Event: 6.765 GC heap after
{Heap after GC invocations=14 (full 0):
 garbage-first heap   total 157696K, used 40438K [0x0000000081c00000, 0x0000000100000000)
  region size 1024K, 7 young (7168K), 7 survivors (7168K)
 Metaspace       used 42234K, capacity 43138K, committed 43216K, reserved 1087488K
  class space    used 4576K, capacity 4919K, committed 4992K, reserved 1048576K
}
Event: 7.024 GC heap before
{Heap before GC invocations=14 (full 0):
 garbage-first heap   total 157696K, used 117238K [0x0000000081c00000, 0x0000000100000000)
  region size 1024K, 82 young (83968K), 7 survivors (7168K)
 Metaspace       used 42236K, capacity 43138K, committed 43216K, reserved 1087488K
  class space    used 4576K, capacity 4919K, committed 4992K, reserved 1048576K
}

